<?xml version="1.0" encoding="UTF-8"?>
<testsuite xmlns:xsi="http://www.w3.org/2001/XMLSchema-instance" xsi:noNamespaceSchemaLocation="https://maven.apache.org/surefire/maven-surefire-plugin/xsd/surefire-test-report-3.0.xsd" version="3.0" name="com.hit.lab4.Solution6Test" time="0.048" tests="6" errors="0" skipped="0" failures="0">
  <properties>
[...]
</properties>
  <testcase name="testPeopleIndexesNoSubsets" classname="com.hit.lab4.Solution6Test" time="0.016"/>
  <testcase name="testPeopleIndexesAllSubsets" classname="com.hit.lab4.Solution6Test" time="0.0"/>
  <testcase name="testCheckMethod" classname="com.hit.lab4.Solution6Test" time="0.0"/>
  <testcase name="testPeopleIndexesBasic" classname="com.hit.lab4.Solution6Test" time="0.0"/>
  <testcase name="testPeopleIndexesEmpty" classname="com.hit.lab4.Solution6Test" time="0.0"/>
  <testcase name="testPeopleIndexesSingle" classname="com.hit.lab4.Solution6Test" time="0.0"/>
</testsuite>